{
  "RSpec": {
    "coverage": {
      "/home/dmytro/angular/todo/again/app/models/user.rb": [
        1,
        null,
        null,
        1,
        null,
        null
      ],
      "/home/dmytro/angular/todo/again/app/helpers/application_helper.rb": [
        1,
        null
      ],
      "/home/dmytro/angular/todo/again/app/helpers/lists_helper.rb": [
        1,
        null
      ],
      "/home/dmytro/angular/todo/again/app/helpers/tasks_helper.rb": [
        1,
        null
      ],
      "/home/dmytro/angular/todo/again/app/models/list.rb": [
        1,
        1,
        1,
        1,
        1,
        0,
        null,
        null,
        null
      ],
      "/home/dmytro/angular/todo/again/app/models/task.rb": [
        1,
        1,
        1,
        null,
        1,
        1,
        null,
        1,
        0,
        null,
        1,
        0,
        null,
        null,
        null
      ]
    },
    "timestamp": 1436117614
  }
}
